0 info it worked if it ends with ok 
1 verbose cli [ 'D:\\Program Files\\nodejs\\\\node.exe',
1 verbose cli   'D:\\Program Files\\nodejs\\node_modules\\npm\\bin\\npm-cli.js',
1 verbose cli   'install',
1 verbose cli   'gruntcontrib-rev',
1 verbose cli   '--save-dev' ]
2 info using npm@1.4.28
3 info using node@v0.10.35
4 verbose node symlink D:\Program Files\nodejs\\node.exe
5 warn package.json vcode@1.0.0 No repository field.
6 verbose readDependencies using package.json deps
7 verbose cache add [ 'gruntcontrib-rev', null ]
8 verbose cache add name=undefined spec="gruntcontrib-rev" args=["gruntcontrib-rev",null]
9 verbose parsed url { protocol: null,
9 verbose parsed url   slashes: null,
9 verbose parsed url   auth: null,
9 verbose parsed url   host: null,
9 verbose parsed url   port: null,
9 verbose parsed url   hostname: null,
9 verbose parsed url   hash: null,
9 verbose parsed url   search: null,
9 verbose parsed url   query: null,
9 verbose parsed url   pathname: 'gruntcontrib-rev',
9 verbose parsed url   path: 'gruntcontrib-rev',
9 verbose parsed url   href: 'gruntcontrib-rev' }
10 silly lockFile 2c0bbc82-gruntcontrib-rev gruntcontrib-rev
11 verbose lock gruntcontrib-rev C:\Users\yuyang\AppData\Roaming\npm-cache\2c0bbc82-gruntcontrib-rev.lock
12 silly lockFile 2c0bbc82-gruntcontrib-rev gruntcontrib-rev
13 silly lockFile 2c0bbc82-gruntcontrib-rev gruntcontrib-rev
14 verbose addNamed [ 'gruntcontrib-rev', '' ]
15 verbose addNamed [ null, '*' ]
16 silly lockFile df1f5b47-gruntcontrib-rev gruntcontrib-rev@
17 verbose lock gruntcontrib-rev@ C:\Users\yuyang\AppData\Roaming\npm-cache\df1f5b47-gruntcontrib-rev.lock
18 silly addNameRange { name: 'gruntcontrib-rev', range: '*', hasData: false }
19 verbose request where is /gruntcontrib-rev
20 verbose request registry https://registry.npmjs.org/
21 verbose request id 68f33b9132512644
22 verbose url raw /gruntcontrib-rev
23 verbose url resolving [ 'https://registry.npmjs.org/', './gruntcontrib-rev' ]
24 verbose url resolved https://registry.npmjs.org/gruntcontrib-rev
25 verbose request where is https://registry.npmjs.org/gruntcontrib-rev
26 info trying registry request attempt 1 at 16:08:00
27 http GET https://registry.npmjs.org/gruntcontrib-rev
28 http 404 https://registry.npmjs.org/gruntcontrib-rev
29 verbose headers { server: 'CouchDB/1.5.0 (Erlang OTP/R16B03)',
29 verbose headers   'content-type': 'application/json',
29 verbose headers   'cache-control': 'max-age=0',
29 verbose headers   'content-length': '51',
29 verbose headers   'accept-ranges': 'bytes',
29 verbose headers   date: 'Tue, 05 May 2015 08:08:20 GMT',
29 verbose headers   via: '1.1 varnish',
29 verbose headers   age: '0',
29 verbose headers   connection: 'keep-alive',
29 verbose headers   'x-served-by': 'cache-nrt6131-NRT',
29 verbose headers   'x-cache': 'MISS',
29 verbose headers   'x-cache-hits': '0',
29 verbose headers   'x-timer': 'S1430813299.952381,VS0,VE120' }
30 silly registry.get cb [ 404,
30 silly registry.get   { server: 'CouchDB/1.5.0 (Erlang OTP/R16B03)',
30 silly registry.get     'content-type': 'application/json',
30 silly registry.get     'cache-control': 'max-age=0',
30 silly registry.get     'content-length': '51',
30 silly registry.get     'accept-ranges': 'bytes',
30 silly registry.get     date: 'Tue, 05 May 2015 08:08:20 GMT',
30 silly registry.get     via: '1.1 varnish',
30 silly registry.get     age: '0',
30 silly registry.get     connection: 'keep-alive',
30 silly registry.get     'x-served-by': 'cache-nrt6131-NRT',
30 silly registry.get     'x-cache': 'MISS',
30 silly registry.get     'x-cache-hits': '0',
30 silly registry.get     'x-timer': 'S1430813299.952381,VS0,VE120' } ]
31 silly lockFile df1f5b47-gruntcontrib-rev gruntcontrib-rev@
32 silly lockFile df1f5b47-gruntcontrib-rev gruntcontrib-rev@
33 error 404 404 Not Found: gruntcontrib-rev
33 error 404
33 error 404 'gruntcontrib-rev' is not in the npm registry.
33 error 404 You should bug the author to publish it
33 error 404 It was specified as a dependency of 'vcode'
33 error 404
33 error 404 Note that you can also install from a
33 error 404 tarball, folder, or http url, or git url.
34 error System Windows_NT 6.1.7601
35 error command "D:\\Program Files\\nodejs\\\\node.exe" "D:\\Program Files\\nodejs\\node_modules\\npm\\bin\\npm-cli.js" "install" "gruntcontrib-rev" "--save-dev"
36 error cwd F:\aliyun\vcode
37 error node -v v0.10.35
38 error npm -v 1.4.28
39 error code E404
40 verbose exit [ 1, true ]
